<?xml version="1.0" encoding="UTF-8"?>
<testsuites name="TS_login_testops" time="144.354" tests="1" failures="0" errors="0">
   <testsuite name="TS_login_testops" tests="1" failures="0" errors="0" time="144.354" skipped="0" timestamp="05-03-2024T15:50:00" hostname="1878 - 192.168.255.30" id="Test Suites/TS_login_testops">
      <properties>
         <property name="deviceName" value=""/>
         <property name="devicePlatform" value=""/>
         <property name="logFolder" value="C:\\Users\\1878\\OneDrive\\Desktop\\LIST PROJECT KATALON\\Project_IDX\\idx_web\\idx_prj_web\\Reports\\20240305_154931\\TS_login_testops\\20240305_154934"/>
         <property name="logFiles" value="C:\\Users\\1878\\OneDrive\\Desktop\\LIST PROJECT KATALON\\Project_IDX\\idx_web\\idx_prj_web\\Reports\\20240305_154931\\TS_login_testops\\20240305_154934\\execution0.log"/>
         <property name="attachments" value=""/>
         <property name="hostName" value="1878 - 192.168.255.30"/>
         <property name="os" value="Windows 11 64bit"/>
         <property name="katalonVersion" value="9.3.0.212"/>
         <property name="browser" value="Chrome 122.0.6261.70"/>
         <property name="hostAddress" value="192.168.255.30"/>
         <property name="sessionId" value="0fde78c854a2891db44c6345546247fe"/>
         <property name="seleniumVersion" value="3.141.59"/>
         <property name="proxyInformation" value="ProxyInformation { proxyOption=NO_PROXY, proxyServerType=HTTP, username=, password=********, proxyServerAddress=, proxyServerPort=0, executionList=&quot;&quot;, isApplyToDesiredCapabilities=true }"/>
         <property name="platform" value="Windows 11"/>
      </properties>
      <testcase name="Test Cases/Login testops" time="144.015" classname="Test Cases/Login testops" status="PASSED">
         <system-out><![CDATA[05-03-2024T15:50:00 - [TEST_CASE][PASSED] - Test Cases/Login testops: Test Cases/Login testops

05-03-2024T15:50:01 - [TEST_STEP][PASSED] - openBrowser(""): Browser is opened with url: ''

05-03-2024T15:50:01 - [MESSAGE][INFO] - Starting 'Chrome (headless)' driver

05-03-2024T15:50:01 - [MESSAGE][INFO] - Action delay is set to 0 milliseconds

05-03-2024T15:50:04 - [MESSAGE][PASSED] - Browser is opened with url: ''

05-03-2024T15:50:04 - [TEST_STEP][PASSED] - navigateToUrl("https://login.katalon.com/realms/katalon/protocol/openid-connect/auth?client_id=katalon-testops&redirect_uri=https%3A%2F%2Ftestops.katalon.io%2Fauthenticate&response_type=code&scope=openid&code_challenge=ieD3GjcLOs12pGHP4V1_d7N_9vq86Ep919WRtTrA8go&code_challenge_method=S256#"): Navigate to 'https://login.katalon.com/realms/katalon/protocol/openid-connect/auth?client_id=katalon-testops&redirect_uri=https%3A%2F%2Ftestops.katalon.io%2Fauthenticate&response_type=code&scope=openid&code_challenge=ieD3GjcLOs12pGHP4V1_d7N_9vq86Ep919WRtTrA8go&code_challenge_method=S256#' successfully

05-03-2024T15:50:42 - [MESSAGE][PASSED] - Navigate to 'https://login.katalon.com/realms/katalon/protocol/openid-connect/auth?client_id=katalon-testops&redirect_uri=https%3A%2F%2Ftestops.katalon.io%2Fauthenticate&response_type=code&scope=openid&code_challenge=ieD3GjcLOs12pGHP4V1_d7N_9vq86Ep919WRtTrA8go&code_challenge_method=S256#' successfully

05-03-2024T15:50:42 - [TEST_STEP][PASSED] - click(findTestObject("Page_Sign in  Katalon Software Quality Mana_cfddb7/login_via_email")): Object: 'Object Repository/Page_Sign in  Katalon Software Quality Mana_cfddb7/login_via_email' is clicked on

05-03-2024T15:50:43 - [MESSAGE][PASSED] - Object: 'Object Repository/Page_Sign in  Katalon Software Quality Mana_cfddb7/login_via_email' is clicked on

05-03-2024T15:50:43 - [TEST_STEP][PASSED] - setText(findTestObject("Object Repository/Page_Sign in  Katalon Software Quality Mana_cfddb7/input_Log in with email_username"), "kataloniglo@gmail.com"): Text 'kataloniglo@gmail.com' is set on object 'Object Repository/Page_Sign in  Katalon Software Quality Mana_cfddb7/input_Log in with email_username'

05-03-2024T15:50:43 - [MESSAGE][PASSED] - Text 'kataloniglo@gmail.com' is set on object 'Object Repository/Page_Sign in  Katalon Software Quality Mana_cfddb7/input_Log in with email_username'

05-03-2024T15:50:43 - [TEST_STEP][PASSED] - setEncryptedText(findTestObject("Object Repository/Page_Sign in  Katalon Software Quality Mana_cfddb7/input_Log in with email_password"), "1uQHKmaGceAjclSD1WUvrw=="): Text ****** has been set on object 'Object Repository/Page_Sign in  Katalon Software Quality Mana_cfddb7/input_Log in with email_password'

05-03-2024T15:50:43 - [MESSAGE][PASSED] - Text ****** has been set on object 'Object Repository/Page_Sign in  Katalon Software Quality Mana_cfddb7/input_Log in with email_password'

05-03-2024T15:50:43 - [TEST_STEP][PASSED] - click(findTestObject("Object Repository/Page_Sign in  Katalon Software Quality Mana_cfddb7/input_Log in with email_login")): Object: 'Object Repository/Page_Sign in  Katalon Software Quality Mana_cfddb7/input_Log in with email_login' is clicked on

05-03-2024T15:52:24 - [MESSAGE][PASSED] - Object: 'Object Repository/Page_Sign in  Katalon Software Quality Mana_cfddb7/input_Log in with email_login' is clicked on

05-03-2024T15:52:24 - [TEST_STEP][PASSED] - closeBrowser(): Browser is closed

05-03-2024T15:52:24 - [MESSAGE][PASSED] - Browser is closed]]></system-out>
         <system-err><![CDATA[]]></system-err>
      </testcase>
      <system-out><![CDATA[05-03-2024T15:50:00 - [TEST_SUITE][PASSED] - TS_login_testops: Test Cases/Login testops]]></system-out>
      <system-err><![CDATA[]]></system-err>
   </testsuite>
</testsuites>
