<?xml version="1.0" encoding="UTF-8"?>
<testsuites name="detik2" time="46.569" tests="1" failures="0" errors="0">
   <testsuite name="detik2" tests="1" failures="0" errors="0" time="46.569" skipped="0" timestamp="06-03-2024T16:51:59" hostname="1878 - LAPTOP-95N5CJET" id="Test Suites/detik2">
      <properties>
         <property name="deviceName" value=""/>
         <property name="devicePlatform" value=""/>
         <property name="logFolder" value="C:\\Users\\1878\\OneDrive\\Desktop\\LIST PROJECT KATALON\\Project_IDX\\idx_web\\idx_prj_web\\Reports\\20240306_165135\\detik2\\20240306_165135"/>
         <property name="logFiles" value="C:\\Users\\1878\\OneDrive\\Desktop\\LIST PROJECT KATALON\\Project_IDX\\idx_web\\idx_prj_web\\Reports\\20240306_165135\\detik2\\20240306_165135\\execution0.log"/>
         <property name="attachments" value=""/>
         <property name="hostName" value="1878 - LAPTOP-95N5CJET"/>
         <property name="os" value="Windows 11 64bit"/>
         <property name="katalonVersion" value="9.3.0.212"/>
         <property name="browser" value="Firefox 123.0"/>
         <property name="hostAddress" value="192.168.6.2"/>
         <property name="sessionId" value="e9947081-e094-4d98-b1fb-dcd3a22a4deb"/>
         <property name="seleniumVersion" value="3.141.59"/>
         <property name="proxyInformation" value="ProxyInformation { proxyOption=NO_PROXY, proxyServerType=HTTP, username=, password=********, proxyServerAddress=, proxyServerPort=0, executionList=&quot;&quot;, isApplyToDesiredCapabilities=true }"/>
         <property name="platform" value="Windows 11"/>
      </properties>
      <testcase name="Test Cases/detik" time="46.249" classname="Test Cases/detik" status="PASSED">
         <system-out><![CDATA[06-03-2024T16:52:00 - [TEST_CASE][PASSED] - Test Cases/detik: Test Cases/detik

06-03-2024T16:52:00 - [TEST_STEP][PASSED] - openBrowser(""): Browser is opened with url: ''

06-03-2024T16:52:00 - [MESSAGE][INFO] - Starting 'Firefox (headless)' driver

06-03-2024T16:52:00 - [MESSAGE][INFO] - Action delay is set to 0 milliseconds

06-03-2024T16:52:03 - [MESSAGE][PASSED] - Browser is opened with url: ''

06-03-2024T16:52:03 - [TEST_STEP][PASSED] - navigateToUrl("detik.com"): Navigate to 'http://detik.com' successfully

06-03-2024T16:52:10 - [MESSAGE][PASSED] - Navigate to 'http://detik.com' successfully

06-03-2024T16:52:10 - [TEST_STEP][PASSED] - click(findTestObject("Object Repository/WebIndocyber/Page_Home  Indocyber/a_Our Journey")): Object: 'Object Repository/WebIndocyber/Page_Home  Indocyber/a_Our Journey' is clicked on

06-03-2024T16:52:41 - [MESSAGE][INFO] - Unable to find the element located by 'By.xpath: //div[@id='__next']/div/div[2]/div[2]/div/div/a'. Please recheck the objects properties to make sure the desired element is located. 

06-03-2024T16:52:41 - [MESSAGE][WARNING] - [SELF-HEALING] Failed to find element with id 'Object Repository/WebIndocyber/Page_Home  Indocyber/a_Our Journey'. Try using Self-healing.

06-03-2024T16:52:41 - [MESSAGE][INFO] - [SELF-HEALING] Failed Locator: '//div[@id='__next']/div/div[2]/div[2]/div/div/a'.

06-03-2024T16:52:41 - [MESSAGE][INFO] - [SELF-HEALING] Failed Locator: '//a[contains(text(),'Our Journey')]'.

06-03-2024T16:52:41 - [MESSAGE][INFO] - [SELF-HEALING] Failed Locator: '(.//*[normalize-space(text()) and normalize-space(.)='We Provide A Cutting Edge Solution For What You Need'])[1]/following::a[1]'.

06-03-2024T16:52:41 - [MESSAGE][INFO] - [SELF-HEALING] Failed Locator: '(.//*[normalize-space(text()) and normalize-space(.)='A leading Professional Tech Company'])[1]/following::a[1]'.

06-03-2024T16:52:41 - [MESSAGE][INFO] - [SELF-HEALING] Failed Locator: '(.//*[normalize-space(text()) and normalize-space(.)='Product & Solutions'])[2]/preceding::a[1]'.

06-03-2024T16:52:41 - [MESSAGE][INFO] - [SELF-HEALING] Failed Locator: '(.//*[normalize-space(text()) and normalize-space(.)='Chatbot'])[1]/preceding::a[1]'.

06-03-2024T16:52:41 - [MESSAGE][INFO] - [SELF-HEALING] Failed Locator: '//*/text()[normalize-space(.)='Our Journey']/parent::*'.

06-03-2024T16:52:41 - [MESSAGE][INFO] - [SELF-HEALING] Failed Locator: '(//a[contains(@href, '/about-us')])[2]'.

06-03-2024T16:52:41 - [MESSAGE][INFO] - [SELF-HEALING] Working Locator: '//div[2]/div/div/a'.

06-03-2024T16:52:42 - [MESSAGE][INFO] - [SELF-HEALING] Screenshot: C:/Users/1878/OneDrive/Desktop/LIST PROJECT KATALON/Project_IDX/idx_web/idx_prj_web/Reports/Self-healing/Object Repository/WebIndocyber/Page_Home  Indocyber/a_Our Journey_position.png

06-03-2024T16:52:42 - [MESSAGE][WARNING] - [SELF-HEALING] The current locator of test object 'Object Repository/WebIndocyber/Page_Home  Indocyber/a_Our Journey' was broken. Propose an alternative one: '//div[2]/div/div/a'.

06-03-2024T16:52:45 - [MESSAGE][PASSED] - Object: 'Object Repository/WebIndocyber/Page_Home  Indocyber/a_Our Journey' is clicked on

06-03-2024T16:52:45 - [TEST_STEP][PASSED] - closeBrowser(): Browser is closed

06-03-2024T16:52:46 - [MESSAGE][PASSED] - Browser is closed]]></system-out>
         <system-err><![CDATA[]]></system-err>
      </testcase>
      <system-out><![CDATA[06-03-2024T16:51:59 - [TEST_SUITE][PASSED] - detik2: Test Cases/detik]]></system-out>
      <system-err><![CDATA[]]></system-err>
   </testsuite>
</testsuites>
